2019-06-28 08:42:27 上午 [Thread: main][ Class:com.alibaba.druid.pool.DruidDataSource >> Method: com.alibaba.druid.pool.DruidDataSource.init(DruidDataSource.java:991) ]
INFO:{dataSource-1} inited
2019-06-28 08:42:27 上午 [Thread: main][ Class:com.kfyty.jdbc.SqlSession >> Method: com.kfyty.jdbc.SqlSession.getPreparedStatement(SqlSession.java:102) ]
DEBUG:execute sql statement:[select * from test where id = ?], parameters:[1]
2019-06-28 09:03:07 上午 [Thread: main][ Class:com.alibaba.druid.pool.DruidDataSource >> Method: com.alibaba.druid.pool.DruidDataSource.init(DruidDataSource.java:991) ]
INFO:{dataSource-1} inited
2019-06-28 10:16:53 上午 [Thread: main][ Class:com.alibaba.druid.pool.DruidDataSource >> Method: com.alibaba.druid.pool.DruidDataSource.init(DruidDataSource.java:991) ]
INFO:{dataSource-1} inited
2019-06-28 10:16:53 上午 [Thread: main][ Class:com.kfyty.jdbc.SqlSession >> Method: com.kfyty.jdbc.SqlSession.getPreparedStatement(SqlSession.java:117) ]
DEBUG:execute sql statement:[select * from test where id = ?], parameters:[1]
2019-06-28 10:33:24 上午 [Thread: main][ Class:com.alibaba.druid.pool.DruidDataSource >> Method: com.alibaba.druid.pool.DruidDataSource.init(DruidDataSource.java:991) ]
INFO:{dataSource-1} inited
2019-06-28 10:33:24 上午 [Thread: main][ Class:com.kfyty.jdbc.SqlSession >> Method: com.kfyty.jdbc.SqlSession.getPreparedStatement(SqlSession.java:114) ]
DEBUG:execute sql statement:[select * from test where id = ?], parameters:[1]
2019-06-28 10:35:38 上午 [Thread: main][ Class:com.alibaba.druid.pool.DruidDataSource >> Method: com.alibaba.druid.pool.DruidDataSource.init(DruidDataSource.java:991) ]
INFO:{dataSource-1} inited
2019-06-28 10:35:39 上午 [Thread: main][ Class:com.kfyty.jdbc.SqlSession >> Method: com.kfyty.jdbc.SqlSession.getPreparedStatement(SqlSession.java:115) ]
DEBUG:execute sql statement:[insert into test values (null, ?)], parameters:[test]
2019-06-28 10:38:51 上午 [Thread: main][ Class:com.alibaba.druid.pool.DruidDataSource >> Method: com.alibaba.druid.pool.DruidDataSource.init(DruidDataSource.java:991) ]
INFO:{dataSource-1} inited
2019-06-28 10:38:52 上午 [Thread: main][ Class:com.kfyty.jdbc.SqlSession >> Method: com.kfyty.jdbc.SqlSession.getPreparedStatement(SqlSession.java:115) ]
DEBUG:execute sql statement:[insert into test values (null, ?)], parameters:[test]
2019-06-28 10:39:21 上午 [Thread: main][ Class:com.alibaba.druid.pool.DruidDataSource >> Method: com.alibaba.druid.pool.DruidDataSource.init(DruidDataSource.java:991) ]
INFO:{dataSource-1} inited
2019-06-28 10:39:21 上午 [Thread: main][ Class:com.kfyty.jdbc.SqlSession >> Method: com.kfyty.jdbc.SqlSession.getPreparedStatement(SqlSession.java:115) ]
DEBUG:execute sql statement:[select * from test where id = ?], parameters:[1]
2019-06-28 11:31:36 上午 [Thread: main][ Class:com.alibaba.druid.pool.DruidDataSource >> Method: com.alibaba.druid.pool.DruidDataSource.init(DruidDataSource.java:991) ]
INFO:{dataSource-1} inited
2019-06-28 11:31:36 上午 [Thread: main][ Class:com.kfyty.jdbc.SqlSession >> Method: com.kfyty.jdbc.SqlSession.getPreparedStatement(SqlSession.java:101) ]
DEBUG:execute sql statement:[select * from test where id = ?], parameters:[1]
2019-06-28 11:32:51 上午 [Thread: main][ Class:com.alibaba.druid.pool.DruidDataSource >> Method: com.alibaba.druid.pool.DruidDataSource.init(DruidDataSource.java:991) ]
INFO:{dataSource-1} inited
2019-06-28 11:32:52 上午 [Thread: main][ Class:com.kfyty.jdbc.SqlSession >> Method: com.kfyty.jdbc.SqlSession.getPreparedStatement(SqlSession.java:103) ]
DEBUG:execute sql statement:[select * from test where id = ?], parameters:[1]
2019-06-28 11:33:21 上午 [Thread: main][ Class:com.alibaba.druid.pool.DruidDataSource >> Method: com.alibaba.druid.pool.DruidDataSource.init(DruidDataSource.java:991) ]
INFO:{dataSource-1} inited
2019-06-28 11:33:21 上午 [Thread: main][ Class:com.kfyty.jdbc.SqlSession >> Method: com.kfyty.jdbc.SqlSession.getPreparedStatement(SqlSession.java:103) ]
DEBUG:execute sql statement:[select * from test where id = ?], parameters:[1]
2019-06-28 11:46:42 上午 [Thread: main][ Class:com.alibaba.druid.pool.DruidDataSource >> Method: com.alibaba.druid.pool.DruidDataSource.init(DruidDataSource.java:991) ]
INFO:{dataSource-1} inited
2019-06-28 11:46:42 上午 [Thread: main][ Class:com.kfyty.jdbc.SqlSession >> Method: com.kfyty.jdbc.SqlSession.getPreparedStatement(SqlSession.java:103) ]
DEBUG:execute sql statement:[select * from test where id = ?], parameters:[1]
2019-06-28 11:49:52 上午 [Thread: main][ Class:com.kfyty.jdbc.SqlSession >> Method: com.kfyty.jdbc.SqlSession.parseSQL(SqlSession.java:72) ]
ERROR:cannot find parameter:[id] from method @Param!
2019-06-28 11:53:24 上午 [Thread: main][ Class:com.alibaba.druid.pool.DruidDataSource >> Method: com.alibaba.druid.pool.DruidDataSource.init(DruidDataSource.java:991) ]
INFO:{dataSource-1} inited
2019-06-28 11:53:24 上午 [Thread: main][ Class:com.kfyty.jdbc.SqlSession >> Method: com.kfyty.jdbc.SqlSession.getPreparedStatement(SqlSession.java:107) ]
DEBUG:execute sql statement:[insert into test values (null, ?)], parameters:[test2]
2019-06-28 11:53:24 上午 [Thread: main][ Class:com.kfyty.jdbc.SqlSession >> Method: com.kfyty.jdbc.SqlSession.getPreparedStatement(SqlSession.java:107) ]
DEBUG:execute sql statement:[select * from test where id = ?], parameters:[7]
2019-06-28 11:53:24 上午 [Thread: main][ Class:com.kfyty.jdbc.SqlSession >> Method: com.kfyty.jdbc.SqlSession.getPreparedStatement(SqlSession.java:107) ]
DEBUG:execute sql statement:[update test set name = ? where id = ?], parameters:[test2, 6]
2019-06-28 11:53:24 上午 [Thread: main][ Class:com.kfyty.jdbc.SqlSession >> Method: com.kfyty.jdbc.SqlSession.getPreparedStatement(SqlSession.java:107) ]
DEBUG:execute sql statement:[delete from test where id = ?], parameters:[7]
2019-06-28 11:53:24 上午 [Thread: main][ Class:com.kfyty.jdbc.SqlSession >> Method: com.kfyty.jdbc.SqlSession.getPreparedStatement(SqlSession.java:107) ]
DEBUG:execute sql statement:[select * from test], parameters:[]
2019-06-28 12:05:37 下午 [Thread: main][ Class:com.kfyty.jdbc.SqlSession >> Method: com.kfyty.jdbc.SqlSession.parseSQL(SqlSession.java:72) ]
ERROR:cannot find parameter:[test.id] from method @Param annotation !
2019-06-28 12:05:37 下午 [Thread: main][ Class:com.kfyty.jdbc.SqlSession >> Method: com.kfyty.jdbc.SqlSession.parseSQL(SqlSession.java:72) ]
ERROR:cannot find parameter:[test.name] from method @Param annotation !
2019-06-28 12:56:57 下午 [Thread: main][ Class:com.kfyty.jdbc.SqlSession >> Method: com.kfyty.jdbc.SqlSession.parseSQL(SqlSession.java:77) ]
ERROR:cannot find parameter:[test.id] from method @Param annotation !
2019-06-28 12:58:01 下午 [Thread: main][ Class:com.kfyty.jdbc.SqlSession >> Method: com.kfyty.jdbc.SqlSession.parseSQL(SqlSession.java:77) ]
ERROR:cannot find parameter:[test.id] from method @Param annotation !
2019-06-28 12:59:12 下午 [Thread: main][ Class:com.kfyty.jdbc.SqlSession >> Method: com.kfyty.jdbc.SqlSession.parseSQL(SqlSession.java:77) ]
ERROR:cannot find parameter:[test.id] from method @Param annotation !
2019-06-28 12:59:41 下午 [Thread: main][ Class:com.kfyty.jdbc.SqlSession >> Method: com.kfyty.jdbc.SqlSession.parseSQL(SqlSession.java:77) ]
ERROR:cannot find parameter:[test.id] from method @Param annotation !
2019-06-28 13:06:57 下午 [Thread: main][ Class:com.alibaba.druid.pool.DruidDataSource >> Method: com.alibaba.druid.pool.DruidDataSource.init(DruidDataSource.java:991) ]
INFO:{dataSource-1} inited
2019-06-28 13:06:58 下午 [Thread: main][ Class:com.kfyty.jdbc.SqlSession >> Method: com.kfyty.jdbc.SqlSession.getPreparedStatement(SqlSession.java:117) ]
DEBUG:execute sql statement:[insert into test values (?, ?)], parameters:[7, test3]
2019-06-28 13:06:58 下午 [Thread: main][ Class:com.kfyty.jdbc.SqlSession >> Method: com.kfyty.jdbc.SqlSession.getPreparedStatement(SqlSession.java:117) ]
DEBUG:execute sql statement:[select * from test], parameters:[]
2019-06-28 13:08:35 下午 [Thread: main][ Class:com.alibaba.druid.pool.DruidDataSource >> Method: com.alibaba.druid.pool.DruidDataSource.init(DruidDataSource.java:991) ]
INFO:{dataSource-1} inited
2019-06-28 13:08:35 下午 [Thread: main][ Class:com.kfyty.jdbc.SqlSession >> Method: com.kfyty.jdbc.SqlSession.getPreparedStatement(SqlSession.java:117) ]
DEBUG:execute sql statement:[insert into test values (?, ?)], parameters:[8, test4]
2019-06-28 13:08:35 下午 [Thread: main][ Class:com.kfyty.jdbc.SqlSession >> Method: com.kfyty.jdbc.SqlSession.getPreparedStatement(SqlSession.java:117) ]
DEBUG:execute sql statement:[delete from test where id = ?], parameters:[7]
2019-06-28 13:08:35 下午 [Thread: main][ Class:com.kfyty.jdbc.SqlSession >> Method: com.kfyty.jdbc.SqlSession.getPreparedStatement(SqlSession.java:117) ]
DEBUG:execute sql statement:[select * from test], parameters:[]
2019-06-28 13:09:57 下午 [Thread: main][ Class:com.alibaba.druid.pool.DruidDataSource >> Method: com.alibaba.druid.pool.DruidDataSource.init(DruidDataSource.java:991) ]
INFO:{dataSource-1} inited
2019-06-28 13:09:58 下午 [Thread: main][ Class:com.kfyty.jdbc.SqlSession >> Method: com.kfyty.jdbc.SqlSession.getPreparedStatement(SqlSession.java:117) ]
DEBUG:execute sql statement:[delete from test where id = ?], parameters:[8]
2019-06-28 13:10:27 下午 [Thread: main][ Class:com.alibaba.druid.pool.DruidDataSource >> Method: com.alibaba.druid.pool.DruidDataSource.init(DruidDataSource.java:991) ]
INFO:{dataSource-1} inited
2019-06-28 13:10:27 下午 [Thread: main][ Class:com.kfyty.jdbc.SqlSession >> Method: com.kfyty.jdbc.SqlSession.getPreparedStatement(SqlSession.java:117) ]
DEBUG:execute sql statement:[select * from test], parameters:[]
