2019-06-27 16:39:43 下午 [Thread: main][ Class:com.alibaba.druid.pool.DruidDataSource >> Method: com.alibaba.druid.pool.DruidDataSource.init(DruidDataSource.java:991) ]
INFO:{dataSource-1} inited
2019-06-27 16:40:40 下午 [Thread: main][ Class:com.alibaba.druid.pool.DruidDataSource >> Method: com.alibaba.druid.pool.DruidDataSource.init(DruidDataSource.java:991) ]
INFO:{dataSource-1} inited
2019-06-27 16:44:16 下午 [Thread: main][ Class:com.alibaba.druid.pool.DruidDataSource >> Method: com.alibaba.druid.pool.DruidDataSource.init(DruidDataSource.java:966) ]
ERROR:{dataSource-1} init error
java.sql.SQLException: url not set
	at com.alibaba.druid.pool.DruidDataSource.init(DruidDataSource.java:872)
	at com.alibaba.druid.pool.DruidDataSource.getConnection(DruidDataSource.java:1300)
	at com.alibaba.druid.pool.DruidDataSource.getConnection(DruidDataSource.java:1296)
	at com.alibaba.druid.pool.DruidDataSource.getConnection(DruidDataSource.java:109)
	at selectList(SqlSession.java:114)
	at com.kfyty.jdbc.SqlSession.invoke(SqlSession.java:97)
	at com.sun.proxy.$Proxy0.findAllTjzbMore(Unknown Source)
	at com.kfyty.Main.main(Main.java:26)
2019-06-27 16:45:33 下午 [Thread: main][ Class:com.alibaba.druid.pool.DruidDataSource >> Method: com.alibaba.druid.pool.DruidDataSource.init(DruidDataSource.java:966) ]
ERROR:{dataSource-1} init error
java.sql.SQLException: url not set
	at com.alibaba.druid.pool.DruidDataSource.init(DruidDataSource.java:872)
	at com.alibaba.druid.pool.DruidDataSource.getConnection(DruidDataSource.java:1300)
	at com.alibaba.druid.pool.DruidDataSource.getConnection(DruidDataSource.java:1296)
	at com.alibaba.druid.pool.DruidDataSource.getConnection(DruidDataSource.java:109)
	at selectList(SqlSession.java:114)
	at com.kfyty.jdbc.SqlSession.invoke(SqlSession.java:97)
	at com.sun.proxy.$Proxy0.findAllTjzbMore(Unknown Source)
	at com.kfyty.Main.main(Main.java:26)
2019-06-27 16:57:08 下午 [Thread: main][ Class:com.kfyty.util.DataSourceUtil >> Method: com.kfyty.util.DataSourceUtil.getDataSource(DataSourceUtil.java:24) ]
ERROR:load properties failed:
java.lang.NullPointerException
	at java.util.Properties$LineReader.readLine(Properties.java:434)
	at java.util.Properties.load0(Properties.java:353)
	at java.util.Properties.load(Properties.java:341)
	at com.kfyty.util.DataSourceUtil.getDataSource(DataSourceUtil.java:21)
	at com.kfyty.Main.main(Main.java:24)
2019-06-27 17:00:19 下午 [Thread: main][ Class:com.alibaba.druid.pool.DruidDataSource >> Method: com.alibaba.druid.pool.DruidDataSource.init(DruidDataSource.java:991) ]
INFO:{dataSource-1} inited
2019-06-27 17:04:53 下午 [Thread: main][ Class:com.alibaba.druid.pool.DruidDataSource >> Method: com.alibaba.druid.pool.DruidDataSource.init(DruidDataSource.java:991) ]
INFO:{dataSource-1} inited
2019-06-27 17:05:12 下午 [Thread: main][ Class:com.alibaba.druid.pool.DruidDataSource >> Method: com.alibaba.druid.pool.DruidDataSource.init(DruidDataSource.java:991) ]
INFO:{dataSource-1} inited
2019-06-27 17:06:51 下午 [Thread: main][ Class:com.alibaba.druid.pool.DruidDataSource >> Method: com.alibaba.druid.pool.DruidDataSource.init(DruidDataSource.java:991) ]
INFO:{dataSource-1} inited
2019-06-27 17:11:53 下午 [Thread: main][ Class:com.alibaba.druid.pool.DruidDataSource >> Method: com.alibaba.druid.pool.DruidDataSource.init(DruidDataSource.java:991) ]
INFO:{dataSource-1} inited
2019-06-27 17:19:36 下午 [Thread: main][ Class:com.alibaba.druid.pool.DruidDataSource >> Method: com.alibaba.druid.pool.DruidDataSource.init(DruidDataSource.java:991) ]
INFO:{dataSource-1} inited
2019-06-27 17:21:25 下午 [Thread: main][ Class:com.alibaba.druid.pool.DruidDataSource >> Method: com.alibaba.druid.pool.DruidDataSource.init(DruidDataSource.java:991) ]
INFO:{dataSource-1} inited
2019-06-27 17:21:38 下午 [Thread: main][ Class:com.alibaba.druid.pool.DruidDataSource >> Method: com.alibaba.druid.pool.DruidDataSource.init(DruidDataSource.java:991) ]
INFO:{dataSource-1} inited
2019-06-27 17:21:52 下午 [Thread: main][ Class:com.alibaba.druid.pool.DruidDataSource >> Method: com.alibaba.druid.pool.DruidDataSource.init(DruidDataSource.java:991) ]
INFO:{dataSource-1} inited
2019-06-27 17:23:08 下午 [Thread: main][ Class:com.alibaba.druid.pool.DruidDataSource >> Method: com.alibaba.druid.pool.DruidDataSource.init(DruidDataSource.java:991) ]
INFO:{dataSource-1} inited
2019-06-27 17:23:25 下午 [Thread: main][ Class:com.alibaba.druid.pool.DruidDataSource >> Method: com.alibaba.druid.pool.DruidDataSource.init(DruidDataSource.java:991) ]
INFO:{dataSource-1} inited
2019-06-27 17:23:47 下午 [Thread: main][ Class:com.alibaba.druid.pool.DruidDataSource >> Method: com.alibaba.druid.pool.DruidDataSource.init(DruidDataSource.java:991) ]
INFO:{dataSource-1} inited
2019-06-27 17:25:47 下午 [Thread: main][ Class:com.alibaba.druid.pool.DruidDataSource >> Method: com.alibaba.druid.pool.DruidDataSource.init(DruidDataSource.java:991) ]
INFO:{dataSource-1} inited
2019-06-27 17:26:33 下午 [Thread: main][ Class:com.alibaba.druid.pool.DruidDataSource >> Method: com.alibaba.druid.pool.DruidDataSource.init(DruidDataSource.java:991) ]
INFO:{dataSource-1} inited
2019-06-27 17:30:11 下午 [Thread: main][ Class:com.alibaba.druid.pool.DruidDataSource >> Method: com.alibaba.druid.pool.DruidDataSource.init(DruidDataSource.java:991) ]
INFO:{dataSource-1} inited
2019-06-27 17:36:48 下午 [Thread: main][ Class:com.alibaba.druid.pool.DruidDataSource >> Method: com.alibaba.druid.pool.DruidDataSource.init(DruidDataSource.java:991) ]
INFO:{dataSource-1} inited
2019-06-27 17:42:13 下午 [Thread: main][ Class:com.alibaba.druid.pool.DruidDataSource >> Method: com.alibaba.druid.pool.DruidDataSource.init(DruidDataSource.java:991) ]
INFO:{dataSource-1} inited
2019-06-27 17:46:48 下午 [Thread: main][ Class:com.alibaba.druid.pool.DruidDataSource >> Method: com.alibaba.druid.pool.DruidDataSource.init(DruidDataSource.java:991) ]
INFO:{dataSource-1} inited
2019-06-27 17:49:53 下午 [Thread: main][ Class:com.alibaba.druid.pool.DruidDataSource >> Method: com.alibaba.druid.pool.DruidDataSource.init(DruidDataSource.java:991) ]
INFO:{dataSource-1} inited
2019-06-27 17:50:47 下午 [Thread: main][ Class:com.alibaba.druid.pool.DruidDataSource >> Method: com.alibaba.druid.pool.DruidDataSource.init(DruidDataSource.java:991) ]
INFO:{dataSource-1} inited
2019-06-27 17:51:23 下午 [Thread: main][ Class:com.alibaba.druid.pool.DruidDataSource >> Method: com.alibaba.druid.pool.DruidDataSource.init(DruidDataSource.java:991) ]
INFO:{dataSource-1} inited
2019-06-27 17:53:59 下午 [Thread: main][ Class:com.alibaba.druid.pool.DruidDataSource >> Method: com.alibaba.druid.pool.DruidDataSource.init(DruidDataSource.java:991) ]
INFO:{dataSource-1} inited
2019-06-27 17:54:54 下午 [Thread: main][ Class:com.alibaba.druid.pool.DruidDataSource >> Method: com.alibaba.druid.pool.DruidDataSource.init(DruidDataSource.java:991) ]
INFO:{dataSource-1} inited
2019-06-27 17:57:33 下午 [Thread: main][ Class:com.alibaba.druid.pool.DruidDataSource >> Method: com.alibaba.druid.pool.DruidDataSource.init(DruidDataSource.java:991) ]
INFO:{dataSource-1} inited
2019-06-27 17:57:43 下午 [Thread: main][ Class:com.alibaba.druid.pool.DruidDataSource >> Method: com.alibaba.druid.pool.DruidDataSource.init(DruidDataSource.java:991) ]
INFO:{dataSource-1} inited
2019-06-27 17:57:55 下午 [Thread: main][ Class:com.alibaba.druid.pool.DruidDataSource >> Method: com.alibaba.druid.pool.DruidDataSource.init(DruidDataSource.java:991) ]
INFO:{dataSource-1} inited
2019-06-27 18:04:08 下午 [Thread: main][ Class:com.alibaba.druid.pool.DruidDataSource >> Method: com.alibaba.druid.pool.DruidDataSource.init(DruidDataSource.java:991) ]
INFO:{dataSource-1} inited
2019-06-27 18:04:27 下午 [Thread: main][ Class:com.alibaba.druid.pool.DruidDataSource >> Method: com.alibaba.druid.pool.DruidDataSource.init(DruidDataSource.java:991) ]
INFO:{dataSource-1} inited
2019-06-27 18:04:58 下午 [Thread: main][ Class:com.alibaba.druid.pool.DruidDataSource >> Method: com.alibaba.druid.pool.DruidDataSource.init(DruidDataSource.java:991) ]
INFO:{dataSource-1} inited
2019-06-27 18:09:07 下午 [Thread: main][ Class:com.alibaba.druid.pool.DruidDataSource >> Method: com.alibaba.druid.pool.DruidDataSource.init(DruidDataSource.java:991) ]
INFO:{dataSource-1} inited
2019-06-27 18:10:54 下午 [Thread: main][ Class:com.alibaba.druid.pool.DruidDataSource >> Method: com.alibaba.druid.pool.DruidDataSource.init(DruidDataSource.java:991) ]
INFO:{dataSource-1} inited
2019-06-27 18:11:09 下午 [Thread: main][ Class:com.alibaba.druid.pool.DruidDataSource >> Method: com.alibaba.druid.pool.DruidDataSource.init(DruidDataSource.java:991) ]
INFO:{dataSource-1} inited
2019-06-27 18:17:58 下午 [Thread: main][ Class:com.alibaba.druid.pool.DruidDataSource >> Method: com.alibaba.druid.pool.DruidDataSource.init(DruidDataSource.java:991) ]
INFO:{dataSource-1} inited
2019-06-27 18:24:05 下午 [Thread: main][ Class:com.alibaba.druid.pool.DruidDataSource >> Method: com.alibaba.druid.pool.DruidDataSource.init(DruidDataSource.java:991) ]
INFO:{dataSource-1} inited
2019-06-27 18:26:59 下午 [Thread: main][ Class:com.alibaba.druid.pool.DruidDataSource >> Method: com.alibaba.druid.pool.DruidDataSource.init(DruidDataSource.java:991) ]
INFO:{dataSource-1} inited
2019-06-27 18:27:30 下午 [Thread: main][ Class:com.alibaba.druid.pool.DruidDataSource >> Method: com.alibaba.druid.pool.DruidDataSource.init(DruidDataSource.java:991) ]
INFO:{dataSource-1} inited
2019-06-27 18:29:05 下午 [Thread: main][ Class:com.alibaba.druid.pool.DruidDataSource >> Method: com.alibaba.druid.pool.DruidDataSource.init(DruidDataSource.java:991) ]
INFO:{dataSource-1} inited
2019-06-27 18:31:38 下午 [Thread: main][ Class:com.alibaba.druid.pool.DruidDataSource >> Method: com.alibaba.druid.pool.DruidDataSource.init(DruidDataSource.java:991) ]
INFO:{dataSource-1} inited
2019-06-27 18:31:56 下午 [Thread: main][ Class:com.alibaba.druid.pool.DruidDataSource >> Method: com.alibaba.druid.pool.DruidDataSource.init(DruidDataSource.java:991) ]
INFO:{dataSource-1} inited
2019-06-27 18:40:26 下午 [Thread: main][ Class:com.alibaba.druid.pool.DruidDataSource >> Method: com.alibaba.druid.pool.DruidDataSource.init(DruidDataSource.java:991) ]
INFO:{dataSource-1} inited
2019-06-27 18:45:53 下午 [Thread: main][ Class:com.alibaba.druid.pool.DruidDataSource >> Method: com.alibaba.druid.pool.DruidDataSource.init(DruidDataSource.java:991) ]
INFO:{dataSource-1} inited
